[2023-04-07 20:02:08] Unknown database 'bd_teste'
    at C:\Projetos\trabalho_graduacao\backend\src\Services\Database.ts:6:31
    at Generator.next (<anonymous>)
    at C:\Projetos\trabalho_graduacao\backend\src\Services\Database.ts:8:71
    at new Promise (<anonymous>)
    at __awaiter (C:\Projetos\trabalho_graduacao\backend\src\Services\Database.ts:4:12)
    at query (C:\Projetos\trabalho_graduacao\backend\src\Services\Database.ts:17:12)
    at C:\Projetos\trabalho_graduacao\backend\src\Scripts\testeClasses.ts:9:33
    at Generator.next (<anonymous>)
    at C:\Projetos\trabalho_graduacao\backend\src\Scripts\testeClasses.ts:8:71
    at new Promise (<anonymous>)
[2023-04-12 19:57:11] Access denied for user 'root'@'localhost' (using password: YES)
    at C:\Projetos\trabalho_graduacao\backend\src\Services\Database.ts:6:31
    at Generator.next (<anonymous>)
    at C:\Projetos\trabalho_graduacao\backend\src\Services\Database.ts:8:71
    at new Promise (<anonymous>)
    at __awaiter (C:\Projetos\trabalho_graduacao\backend\src\Services\Database.ts:4:12)
    at query (C:\Projetos\trabalho_graduacao\backend\src\Services\Database.ts:17:12)
    at C:\Projetos\trabalho_graduacao\backend\src\Scripts\testeClasses.ts:9:33
    at Generator.next (<anonymous>)
    at C:\Projetos\trabalho_graduacao\backend\src\Scripts\testeClasses.ts:8:71
    at new Promise (<anonymous>)
[2023-05-13 11:05:26] Unknown column 'selectAvatar' in 'field list'
    at C:\Projetos\trabalho_graduacao\backend\src\Services\Database.ts:6:31
    at Generator.next (<anonymous>)
    at C:\Projetos\trabalho_graduacao\backend\src\Services\Database.ts:8:71
    at new Promise (<anonymous>)
    at __awaiter (C:\Projetos\trabalho_graduacao\backend\src\Services\Database.ts:4:12)
    at query (C:\Projetos\trabalho_graduacao\backend\src\Services\Database.ts:17:12)
    at UserDAO.<anonymous> (C:\Projetos\trabalho_graduacao\backend\src\DAO\UserDAO.ts:68:37)
    at Generator.next (<anonymous>)
    at C:\Projetos\trabalho_graduacao\backend\src\DAO\UserDAO.ts:8:71
    at new Promise (<anonymous>)
[2023-05-13 15:32:44] You have an error in your SQL syntax; check the manual that corresponds to your MySQL server version for the right syntax to use near '' at line 6
    at C:\Projetos\trabalho_graduacao\backend\src\Services\Database.ts:6:31
    at Generator.next (<anonymous>)
    at C:\Projetos\trabalho_graduacao\backend\src\Services\Database.ts:8:71
    at new Promise (<anonymous>)
    at __awaiter (C:\Projetos\trabalho_graduacao\backend\src\Services\Database.ts:4:12)
    at query (C:\Projetos\trabalho_graduacao\backend\src\Services\Database.ts:17:12)
    at ActivityDAO.<anonymous> (C:\Projetos\trabalho_graduacao\backend\src\DAO\ActivityDAO.ts:26:37)
    at Generator.next (<anonymous>)
    at C:\Projetos\trabalho_graduacao\backend\src\DAO\ActivityDAO.ts:8:71
    at new Promise (<anonymous>)
[2023-05-13 15:33:20] Unknown column 'createAt' in 'field list'
    at C:\Projetos\trabalho_graduacao\backend\src\Services\Database.ts:6:31
    at Generator.next (<anonymous>)
    at C:\Projetos\trabalho_graduacao\backend\src\Services\Database.ts:8:71
    at new Promise (<anonymous>)
    at __awaiter (C:\Projetos\trabalho_graduacao\backend\src\Services\Database.ts:4:12)
    at query (C:\Projetos\trabalho_graduacao\backend\src\Services\Database.ts:17:12)
    at ActivityDAO.<anonymous> (C:\Projetos\trabalho_graduacao\backend\src\DAO\ActivityDAO.ts:26:37)
    at Generator.next (<anonymous>)
    at C:\Projetos\trabalho_graduacao\backend\src\DAO\ActivityDAO.ts:8:71
    at new Promise (<anonymous>)
