[2023-04-05 09:39:50] error - Ocorreu um erro teste
[2023-04-05 09:39:50] error - Error: Ocorreu um error
    at C:\Projetos\trabalho_graduacao\backend\src\index.ts:18:15
    at Layer.handle [as handle_request] (C:\Projetos\trabalho_graduacao\backend\node_modules\express\lib\router\layer.js:95:5)
    at next (C:\Projetos\trabalho_graduacao\backend\node_modules\express\lib\router\route.js:144:13)
    at next (C:\Projetos\trabalho_graduacao\backend\node_modules\express\lib\router\route.js:140:7)
    at next (C:\Projetos\trabalho_graduacao\backend\node_modules\express\lib\router\route.js:140:7)
    at next (C:\Projetos\trabalho_graduacao\backend\node_modules\express\lib\router\route.js:140:7)
    at next (C:\Projetos\trabalho_graduacao\backend\node_modules\express\lib\router\route.js:140:7)
    at next (C:\Projetos\trabalho_graduacao\backend\node_modules\express\lib\router\route.js:140:7)
    at next (C:\Projetos\trabalho_graduacao\backend\node_modules\express\lib\router\route.js:140:7)
    at Route.dispatch (C:\Projetos\trabalho_graduacao\backend\node_modules\express\lib\router\route.js:114:3)
[2023-04-05 09:40:07] error - Ocorreu um erro teste
[2023-04-05 09:40:07] error - Error: Ocorreu um error
    at C:\Projetos\trabalho_graduacao\backend\src\index.ts:18:15
    at Layer.handle [as handle_request] (C:\Projetos\trabalho_graduacao\backend\node_modules\express\lib\router\layer.js:95:5)
    at next (C:\Projetos\trabalho_graduacao\backend\node_modules\express\lib\router\route.js:144:13)
    at next (C:\Projetos\trabalho_graduacao\backend\node_modules\express\lib\router\route.js:140:7)
    at next (C:\Projetos\trabalho_graduacao\backend\node_modules\express\lib\router\route.js:140:7)
    at next (C:\Projetos\trabalho_graduacao\backend\node_modules\express\lib\router\route.js:140:7)
    at next (C:\Projetos\trabalho_graduacao\backend\node_modules\express\lib\router\route.js:140:7)
    at next (C:\Projetos\trabalho_graduacao\backend\node_modules\express\lib\router\route.js:140:7)
    at next (C:\Projetos\trabalho_graduacao\backend\node_modules\express\lib\router\route.js:140:7)
    at Route.dispatch (C:\Projetos\trabalho_graduacao\backend\node_modules\express\lib\router\route.js:114:3)
[2023-04-05 18:45:47] error - Ocorreu um erro teste
