[2023-05-31 20:16:14] Method: POST URL: /authentication/signup Status-Code: 201 Reponse-Size: 39 Response-Time: 319.428 ms

[2023-05-31 20:19:39] Method: POST URL: /authentication/sendVerificationCode?userId=1 Status-Code: 404 Reponse-Size: 175 Response-Time: 2.074 ms

[2023-05-31 20:20:05] Method: POST URL: /authentication/sendVerificationCode?userId=1 Status-Code: 404 Reponse-Size: 175 Response-Time: 1.117 ms

[2023-05-31 20:20:55] Method: POST URL: /authentication/sendVerificationCode/1 Status-Code: 200 Reponse-Size: 49 Response-Time: 7770.961 ms

[2023-05-31 20:24:44] Method: POST URL: /authentication/checkVerificationCode Status-Code: 400 Reponse-Size: 88 Response-Time: 2.165 ms

[2023-05-31 20:24:52] Method: POST URL: /authentication/checkVerificationCode Status-Code: 400 Reponse-Size: 88 Response-Time: 1.885 ms

[2023-05-31 20:25:07] Method: POST URL: /authentication/checkVerificationCode Status-Code: 500 Reponse-Size: 70 Response-Time: 48.888 ms

[2023-05-31 21:00:35] Method: POST URL: /authentication/checkVerificationCode Status-Code: 500 Reponse-Size: 70 Response-Time: 60.788 ms

[2023-05-31 21:01:33] Method: POST URL: /authentication/checkVerificationCode Status-Code: 200 Reponse-Size: 16 Response-Time: 52.760 ms

[2023-05-31 21:08:24] Method: POST URL: /authentication/checkVerificationCode Status-Code: 200 Reponse-Size: 16 Response-Time: 123.056 ms

[2023-06-03 14:28:03] Method: POST URL: /authentication/sendVerificationCode/1 Status-Code: 200 Reponse-Size: 49 Response-Time: 6895.924 ms

[2023-06-03 14:28:23] Method: POST URL: /profile/updatePassword/1 Status-Code: 404 Reponse-Size: 164 Response-Time: 3.518 ms

[2023-06-03 14:28:32] Method: POST URL: /profile/updatePassword/1 Status-Code: 404 Reponse-Size: 164 Response-Time: 0.598 ms

[2023-06-03 14:28:57] Method: POST URL: /profile/updatePassword/1 Status-Code: 400 Reponse-Size: 84 Response-Time: 55.354 ms

[2023-06-03 14:29:02] Method: POST URL: /profile/updatePassword/1 Status-Code: 400 Reponse-Size: 94 Response-Time: 3.747 ms

[2023-06-03 14:29:06] Method: POST URL: /profile/updatePassword/1 Status-Code: 400 Reponse-Size: 89 Response-Time: 1.762 ms

[2023-06-03 14:29:33] Method: POST URL: /profile/updatePassword/1 Status-Code: 400 Reponse-Size: 94 Response-Time: 1.850 ms

[2023-06-03 14:29:43] Method: POST URL: /profile/updatePassword/1 Status-Code: 200 Reponse-Size: 48 Response-Time: 201.443 ms

[2023-06-03 14:29:49] Method: POST URL: /authentication/signin Status-Code: 400 Reponse-Size: 67 Response-Time: 6.651 ms

[2023-06-03 14:29:53] Method: POST URL: /authentication/signin Status-Code: 400 Reponse-Size: 72 Response-Time: 111.484 ms

[2023-06-03 14:29:59] Method: POST URL: /authentication/signin Status-Code: 200 Reponse-Size: 507 Response-Time: 80.404 ms

[2023-06-03 14:39:27] Method: POST URL: /profile/updatePassworddsd/1 Status-Code: 404 Reponse-Size: 44 Response-Time: 2.793 ms

[2023-06-03 14:39:32] Method: POST URL: /authentication/signin Status-Code: 200 Reponse-Size: 507 Response-Time: 119.355 ms

